This file contains any messages produced by compilers while
running configure, to aid debugging if configure makes a mistake.

configure:909: checking for a BSD compatible install
configure:962: checking whether build environment is sane
configure:1019: checking whether make sets ${MAKE}
configure:1065: checking for working aclocal
configure:1078: checking for working autoconf
configure:1091: checking for working automake
configure:1104: checking for working autoheader
configure:1117: checking for working makeinfo
configure:1142: checking for Cygwin environment
configure:1175: checking for mingw32 environment
configure:1204: checking how to run the C preprocessor
configure:1359: checking host system type
configure:1380: checking build system type
configure:1400: checking for gcc
configure:1513: checking whether the C compiler (gcc  ) works
configure:1529: gcc -o conftest    conftest.c  1>&5
configure:1555: checking whether the C compiler (gcc  ) is a cross-compiler
configure:1560: checking whether we are using GNU C
configure:1588: checking whether gcc accepts -g
configure:1631: checking for ld used by GCC
configure:1699: checking if the linker (/usr/bin/ld) is GNU ld
configure:1716: checking for /usr/bin/ld option to reload object files
configure:1728: checking for BSD-compatible nm
configure:1766: checking whether ln -s works
configure:1787: checking how to recognise dependant libraries
configure:1960: checking for object suffix
configure:1986: checking for executable suffix
configure:2027: checking command to parse /usr/bin/nm -B output
configure:2203: checking for dlfcn.h
configure:2381: checking for ranlib
configure:2448: checking for strip
configure:2684: checking for objdir
configure:2711: checking for gcc option to produce PIC
configure:2863: checking if gcc PIC flag    -fPIC works
configure:2929: checking if gcc static flag -static works
configure:2971: checking if gcc supports -c -o file.o
configure:3019: checking if gcc supports -c -o file.lo
configure:3084: checking if gcc supports -fno-rtti -fno-exceptions
configure:3097: gcc -c -g -O2 -fno-rtti -fno-exceptions -c conftest.c  conftest.c 1>&5
configure:3124: checking whether the linker (/usr/bin/ld) supports shared libraries
configure:3740: checking how to hardcode library paths into programs
configure:3768: checking whether stripping libraries is possible
configure:3782: checking dynamic linker characteristics
configure:4168: checking if libtool supports shared libraries
configure:4661: checking whether -lc should be explicitly linked in
configure:5262: checking for gcc
configure:5375: checking whether the C compiler (gcc -g -O2 ) works
configure:5391: gcc -o conftest -g -O2   conftest.c  1>&5
configure:5417: checking whether the C compiler (gcc -g -O2 ) is a cross-compiler
configure:5422: checking whether we are using GNU C
configure:5450: checking whether gcc accepts -g
configure:5493: checking for a BSD compatible install
configure:5548: checking for ANSI C header files
configure:5653: checking for working const
configure:5731: checking for strdup
